0 info it worked if it ends with ok
1 verbose cli [ '/Users/maximlakin/.nvm/versions/node/v5.7.1/bin/node',
1 verbose cli   '/Users/maximlakin/.nvm/versions/node/v5.7.1/bin/npm',
1 verbose cli   'run',
1 verbose cli   'start' ]
2 info using npm@3.6.0
3 info using node@v5.7.1
4 verbose run-script [ 'prestart', 'start', 'poststart' ]
5 info lifecycle voting_app@1.0.0~prestart: voting_app@1.0.0
6 silly lifecycle voting_app@1.0.0~prestart: no script for prestart, continuing
7 info lifecycle voting_app@1.0.0~start: voting_app@1.0.0
8 verbose lifecycle voting_app@1.0.0~start: unsafe-perm in lifecycle true
9 verbose lifecycle voting_app@1.0.0~start: PATH: /Users/maximlakin/.nvm/versions/node/v5.7.1/lib/node_modules/npm/bin/node-gyp-bin:/Users/maximlakin/Dev/React/voting_app/node_modules/.bin:/Users/maximlakin/.nvm/versions/node/v5.7.1/bin:/usr/local/bin:/Users/maximlakin/inverviews/FullScreen:/usr/local/bin:/usr/bin:/bin:/usr/sbin:/sbin:/opt/X11/bin:/usr/local/go/bin:/Library/TeX/texbin:
10 verbose lifecycle voting_app@1.0.0~start: CWD: /Users/maximlakin/Dev/React/voting_app
11 silly lifecycle voting_app@1.0.0~start: Args: [ '-c', 'babel-node index.js' ]
12 silly lifecycle voting_app@1.0.0~start: Returned: code: 1  signal: null
13 info lifecycle voting_app@1.0.0~start: Failed to exec start script
14 verbose stack Error: voting_app@1.0.0 start: `babel-node index.js`
14 verbose stack Exit status 1
14 verbose stack     at EventEmitter.<anonymous> (/Users/maximlakin/.nvm/versions/node/v5.7.1/lib/node_modules/npm/lib/utils/lifecycle.js:232:16)
14 verbose stack     at emitTwo (events.js:100:13)
14 verbose stack     at EventEmitter.emit (events.js:185:7)
14 verbose stack     at ChildProcess.<anonymous> (/Users/maximlakin/.nvm/versions/node/v5.7.1/lib/node_modules/npm/lib/utils/spawn.js:24:14)
14 verbose stack     at emitTwo (events.js:100:13)
14 verbose stack     at ChildProcess.emit (events.js:185:7)
14 verbose stack     at maybeClose (internal/child_process.js:827:16)
14 verbose stack     at Process.ChildProcess._handle.onexit (internal/child_process.js:211:5)
15 verbose pkgid voting_app@1.0.0
16 verbose cwd /Users/maximlakin/Dev/React/voting_app
17 error Darwin 15.3.0
18 error argv "/Users/maximlakin/.nvm/versions/node/v5.7.1/bin/node" "/Users/maximlakin/.nvm/versions/node/v5.7.1/bin/npm" "run" "start"
19 error node v5.7.1
20 error npm  v3.6.0
21 error code ELIFECYCLE
22 error voting_app@1.0.0 start: `babel-node index.js`
22 error Exit status 1
23 error Failed at the voting_app@1.0.0 start script 'babel-node index.js'.
23 error Make sure you have the latest version of node.js and npm installed.
23 error If you do, this is most likely a problem with the voting_app package,
23 error not with npm itself.
23 error Tell the author that this fails on your system:
23 error     babel-node index.js
23 error You can get information on how to open an issue for this project with:
23 error     npm bugs voting_app
23 error Or if that isn't available, you can get their info via:
23 error     npm owner ls voting_app
23 error There is likely additional logging output above.
24 verbose exit [ 1, true ]
